<?xml version="1.0" encoding="UTF-8"?>
<!-- Generated by org.testng.reporters.JUnitXMLReporter -->
<testsuite hostname="DEMUCVAZ30" name="Dropbox test automation" tests="6" failures="0" timestamp="11 Sep 2018 09:52:59 GMT" time="57.485" errors="0">
  <testcase name="Verify_Login" time="6.482" classname="DropboxTestCases.Logintest"/>
  <testcase name="VerifyNewFolder" time="5.387" classname="DropboxTestCases.Createfoldertest"/>
  <testcase name="UploadFile" time="14.877" classname="DropboxTestCases.Uploadfiletest"/>
  <testcase name="Verifyfoldershared" time="9.784" classname="DropboxTestCases.Sharefoldertest"/>
  <testcase name="Verifydeletedfolder" time="6.72" classname="DropboxTestCases.Deletefoldertest"/>
  <testcase name="Verifylogout" time="6.407" classname="DropboxTestCases.Logouttest"/>
</testsuite> <!-- Dropbox test automation -->
