<?xml version="1.0" encoding="UTF-8"?>
<!-- Generated by org.testng.reporters.JUnitXMLReporter -->
<testsuite hostname="Vinarz" failures="0" tests="6" name="Dropbox test automation" time="122.523" errors="0" timestamp="10 Sep 2018 14:44:08 GMT">
  <testcase classname="DropboxTestCases.Logintest" name="Verify_Login" time="15.433"/>
  <testcase classname="DropboxTestCases.Createfoldertest" name="VerifyNewFolder" time="13.058"/>
  <testcase classname="DropboxTestCases.Uploadfiletest" name="UploadFile" time="22.055"/>
  <testcase classname="DropboxTestCases.Sharefoldertest" name="Verifyfoldershared" time="17.224"/>
  <testcase classname="DropboxTestCases.Deletefoldertest" name="Verifydeletedfolder" time="12.197"/>
  <testcase classname="DropboxTestCases.Logouttest" name="Verifylogout" time="12.697"/>
</testsuite> <!-- Dropbox test automation -->
