<?xml version="1.0" encoding="UTF-8"?>
<!-- Generated by org.testng.reporters.JUnitXMLReporter -->
<testsuite hostname="Vinarz" failures="0" tests="6" name="Test" time="117.86" errors="0" timestamp="10 Sep 2018 14:06:57 GMT">
  <testcase classname="DropboxTestCases.Logintest" name="Verify_Login" time="12.158"/>
  <testcase classname="DropboxTestCases.Createfoldertest" name="VerifyNewFolder" time="13.326"/>
  <testcase classname="DropboxTestCases.Uploadfiletest" name="UploadFile" time="19.585"/>
  <testcase classname="DropboxTestCases.Sharefoldertest" name="Verifyfoldershared" time="18.049"/>
  <testcase classname="DropboxTestCases.Deletefoldertest" name="Verifydeletedfolder" time="10.2"/>
  <testcase classname="DropboxTestCases.Logouttest" name="Verifylogout" time="9.725"/>
</testsuite> <!-- Test -->
