<?xml version="1.0" encoding="UTF-8"?>
<!-- Generated by org.testng.reporters.JUnitXMLReporter -->
<testsuite hostname="DEMUCVAZ30" name="Dropbox test automation" tests="6" failures="0" timestamp="11 Sep 2018 09:22:07 GMT" time="56.316" errors="0">
  <testcase name="Verify_Login" time="5.091" classname="DropboxTestCases.Logintest"/>
  <testcase name="VerifyNewFolder" time="5.147" classname="DropboxTestCases.Createfoldertest"/>
  <testcase name="UploadFile" time="15.066" classname="DropboxTestCases.Uploadfiletest"/>
  <testcase name="Verifyfoldershared" time="10.012" classname="DropboxTestCases.Sharefoldertest"/>
  <testcase name="Verifydeletedfolder" time="6.53" classname="DropboxTestCases.Deletefoldertest"/>
  <testcase name="Verifylogout" time="6.462" classname="DropboxTestCases.Logouttest"/>
</testsuite> <!-- Dropbox test automation -->
