<?xml version="1.0" encoding="UTF-8"?>
<testsuite name="TestSuite" time="48.309" tests="6" errors="0" skipped="0" failures="0">
  <properties>
[...]
</properties>
  <testcase name="Verify_Login" classname="DropboxTestCases.Logintest" time="5.091"/>
  <testcase name="VerifyNewFolder" classname="DropboxTestCases.Createfoldertest" time="5.147"/>
  <testcase name="UploadFile" classname="DropboxTestCases.Uploadfiletest" time="15.066"/>
  <testcase name="Verifyfoldershared" classname="DropboxTestCases.Sharefoldertest" time="10.011"/>
  <testcase name="Verifydeletedfolder" classname="DropboxTestCases.Deletefoldertest" time="6.531"/>
  <testcase name="Verifylogout" classname="DropboxTestCases.Logouttest" time="6.463"/>
</testsuite>