<?xml version="1.0" encoding="UTF-8"?>
<testng-results skipped="0" failed="0" total="6" passed="6">
  <reporter-output>
  </reporter-output>
  <suite name="Suite" duration-ms="65324" started-at="2018-09-11T11:14:30Z" finished-at="2018-09-11T11:15:35Z">
    <groups>
    </groups>
    <test name="Dropbox test automation" duration-ms="65324" started-at="2018-09-11T11:14:30Z" finished-at="2018-09-11T11:15:35Z">
      <class name="DropboxTestCases.Deletefoldertest">
        <test-method status="PASS" signature="setup(java.lang.String)[pri:0, instance:DropboxTestCases.Deletefoldertest@ed0e4855]" name="setup" is-config="true" duration-ms="0" started-at="2018-09-11T13:15:24Z" finished-at="2018-09-11T13:15:24Z">
          <params>
            <param index="0">
              <value>
                <![CDATA[Dropboxfolder]]>
              </value>
            </param>
          </params>
          <reporter-output>
          </reporter-output>
        </test-method> <!-- setup -->
        <test-method status="PASS" signature="Verifydeletedfolder()[pri:0, instance:DropboxTestCases.Deletefoldertest@ed0e4855]" name="Verifydeletedfolder" duration-ms="7752" started-at="2018-09-11T13:15:24Z" finished-at="2018-09-11T13:15:32Z">
          <reporter-output>
          </reporter-output>
        </test-method> <!-- Verifydeletedfolder -->
        <test-method status="PASS" signature="captureresult(org.testng.ITestResult)[pri:0, instance:DropboxTestCases.Deletefoldertest@ed0e4855]" name="captureresult" is-config="true" duration-ms="19" started-at="2018-09-11T13:15:32Z" finished-at="2018-09-11T13:15:32Z">
          <params>
            <param index="0">
              <value>
                <![CDATA[[TestResult name=Verifydeletedfolder status=SUCCESS method=Deletefoldertest.Verifydeletedfolder()[pri:0, instance:DropboxTestCases.Deletefoldertest@ed0e4855] output={null}]]]>
              </value>
            </param>
          </params>
          <reporter-output>
          </reporter-output>
        </test-method> <!-- captureresult -->
      </class> <!-- DropboxTestCases.Deletefoldertest -->
      <class name="DropboxTestCases.Logintest">
        <test-method status="PASS" signature="open_browser(java.lang.String, java.lang.String)[pri:0, instance:DropboxTestCases.Logintest@328b3669]" name="open_browser" is-config="true" duration-ms="11091" started-at="2018-09-11T13:14:30Z" finished-at="2018-09-11T13:14:41Z">
          <params>
            <param index="0">
              <value>
                <![CDATA[Firefox]]>
              </value>
            </param>
            <param index="1">
              <value>
                <![CDATA[https://www.dropbox.com]]>
              </value>
            </param>
          </params>
          <reporter-output>
          </reporter-output>
        </test-method> <!-- open_browser -->
        <test-method status="PASS" signature="setup()[pri:0, instance:DropboxTestCases.Logouttest@21dabb3b]" name="setup" is-config="true" duration-ms="0" started-at="2018-09-11T13:14:41Z" finished-at="2018-09-11T13:14:41Z">
          <reporter-output>
          </reporter-output>
        </test-method> <!-- setup -->
        <test-method status="PASS" signature="Verify_Login(java.lang.String, java.lang.String)[pri:0, instance:DropboxTestCases.Logintest@328b3669]" name="Verify_Login" duration-ms="6245" started-at="2018-09-11T13:14:41Z" finished-at="2018-09-11T13:14:47Z">
          <params>
            <param index="0">
              <value>
                <![CDATA[d3062366@nwytg.net]]>
              </value>
            </param>
            <param index="1">
              <value>
                <![CDATA[Test@123]]>
              </value>
            </param>
          </params>
          <reporter-output>
          </reporter-output>
        </test-method> <!-- Verify_Login -->
        <test-method status="PASS" signature="captureresult(org.testng.ITestResult)[pri:0, instance:DropboxTestCases.Logintest@328b3669]" name="captureresult" is-config="true" duration-ms="280" started-at="2018-09-11T13:14:47Z" finished-at="2018-09-11T13:14:47Z">
          <params>
            <param index="0">
              <value>
                <![CDATA[[TestResult name=Verify_Login status=SUCCESS method=Logintest.Verify_Login(java.lang.String, java.lang.String)[pri:0, instance:DropboxTestCases.Logintest@328b3669] output={null}]]]>
              </value>
            </param>
          </params>
          <reporter-output>
          </reporter-output>
        </test-method> <!-- captureresult -->
      </class> <!-- DropboxTestCases.Logintest -->
      <class name="DropboxTestCases.Sharefoldertest">
        <test-method status="PASS" signature="Verifyfoldershared()[pri:0, instance:DropboxTestCases.Sharefoldertest@846871fe]" name="Verifyfoldershared" duration-ms="10845" started-at="2018-09-11T13:15:13Z" finished-at="2018-09-11T13:15:24Z">
          <reporter-output>
          </reporter-output>
        </test-method> <!-- Verifyfoldershared -->
        <test-method status="PASS" signature="setup(java.lang.String, java.lang.String)[pri:0, instance:DropboxTestCases.Sharefoldertest@846871fe]" name="setup" is-config="true" duration-ms="0" started-at="2018-09-11T13:15:13Z" finished-at="2018-09-11T13:15:13Z">
          <params>
            <param index="0">
              <value>
                <![CDATA[Dropboxfolder]]>
              </value>
            </param>
            <param index="1">
              <value>
                <![CDATA[test@test.com]]>
              </value>
            </param>
          </params>
          <reporter-output>
          </reporter-output>
        </test-method> <!-- setup -->
        <test-method status="PASS" signature="captureresult(org.testng.ITestResult)[pri:0, instance:DropboxTestCases.Sharefoldertest@846871fe]" name="captureresult" is-config="true" duration-ms="15" started-at="2018-09-11T13:15:24Z" finished-at="2018-09-11T13:15:24Z">
          <params>
            <param index="0">
              <value>
                <![CDATA[[TestResult name=Verifyfoldershared status=SUCCESS method=Sharefoldertest.Verifyfoldershared()[pri:0, instance:DropboxTestCases.Sharefoldertest@846871fe] output={null}]]]>
              </value>
            </param>
          </params>
          <reporter-output>
          </reporter-output>
        </test-method> <!-- captureresult -->
      </class> <!-- DropboxTestCases.Sharefoldertest -->
      <class name="DropboxTestCases.Uploadfiletest">
        <test-method status="PASS" signature="setup(java.lang.String)[pri:0, instance:DropboxTestCases.Uploadfiletest@4017dc6c]" name="setup" is-config="true" duration-ms="0" started-at="2018-09-11T13:14:53Z" finished-at="2018-09-11T13:14:53Z">
          <params>
            <param index="0">
              <value>
                <![CDATA[Dropboxfolder]]>
              </value>
            </param>
          </params>
          <reporter-output>
          </reporter-output>
        </test-method> <!-- setup -->
        <test-method status="PASS" signature="UploadFile(java.lang.String)[pri:0, instance:DropboxTestCases.Uploadfiletest@4017dc6c]" name="UploadFile" duration-ms="19916" started-at="2018-09-11T13:14:53Z" finished-at="2018-09-11T13:15:13Z">
          <params>
            <param index="0">
              <value>
                <![CDATA[Firefox]]>
              </value>
            </param>
          </params>
          <reporter-output>
          </reporter-output>
        </test-method> <!-- UploadFile -->
        <test-method status="PASS" signature="captureresult(org.testng.ITestResult)[pri:0, instance:DropboxTestCases.Uploadfiletest@4017dc6c]" name="captureresult" is-config="true" duration-ms="18" started-at="2018-09-11T13:15:13Z" finished-at="2018-09-11T13:15:13Z">
          <params>
            <param index="0">
              <value>
                <![CDATA[[TestResult name=UploadFile status=SUCCESS method=Uploadfiletest.UploadFile(java.lang.String)[pri:0, instance:DropboxTestCases.Uploadfiletest@4017dc6c] output={null}]]]>
              </value>
            </param>
          </params>
          <reporter-output>
          </reporter-output>
        </test-method> <!-- captureresult -->
      </class> <!-- DropboxTestCases.Uploadfiletest -->
      <class name="DropboxTestCases.Logouttest">
        <test-method status="PASS" signature="Verifylogout()[pri:0, instance:DropboxTestCases.Logouttest@21dabb3b]" name="Verifylogout" duration-ms="3409" started-at="2018-09-11T13:15:32Z" finished-at="2018-09-11T13:15:35Z">
          <reporter-output>
          </reporter-output>
        </test-method> <!-- Verifylogout -->
        <test-method status="PASS" signature="captureresult(org.testng.ITestResult)[pri:0, instance:DropboxTestCases.Logouttest@21dabb3b]" name="captureresult" is-config="true" duration-ms="17" started-at="2018-09-11T13:15:35Z" finished-at="2018-09-11T13:15:35Z">
          <params>
            <param index="0">
              <value>
                <![CDATA[[TestResult name=Verifylogout status=SUCCESS method=Logouttest.Verifylogout()[pri:0, instance:DropboxTestCases.Logouttest@21dabb3b] output={null}]]]>
              </value>
            </param>
          </params>
          <reporter-output>
          </reporter-output>
        </test-method> <!-- captureresult -->
        <test-method status="FAIL" signature="displayresult()[pri:0, instance:DropboxTestCases.Logouttest@21dabb3b]" name="displayresult" is-config="true" duration-ms="0" started-at="2018-09-11T13:15:35Z" finished-at="2018-09-11T13:15:35Z">
          <exception class="org.openqa.selenium.WebDriverException">
            <message>
              <![CDATA[[Exception... "The URI scheme corresponds to an unknown protocol handler"  nsresult: "0x804b0012 (NS_ERROR_UNKNOWN_PROTOCOL)"  location: "JS frame :: chrome://marionette/content/listener.js :: get/< :: line 1045"  data: no]
Build info: version: '3.12.0', revision: '7c6e0b3', time: '2018-05-08T14:04:26.12Z'
System info: host: 'DEMUCVAZ30', ip: '10.120.5.22', os.name: 'Windows Server 2012 R2', os.arch: 'amd64', os.version: '6.3', java.version: '1.8.0'
Driver info: org.openqa.selenium.firefox.FirefoxDriver
Capabilities {acceptInsecureCerts: true, browserName: firefox, browserVersion: 62.0, javascriptEnabled: true, moz:accessibilityChecks: false, moz:headless: false, moz:processID: 600, moz:profile: C:\Users\rftuser\AppData\Lo..., moz:useNonSpecCompliantPointerOrigin: false, moz:webdriverClick: true, pageLoadStrategy: normal, platform: XP, platformName: XP, platformVersion: 6.3, rotatable: false, timeouts: {implicit: 0, pageLoad: 300000, script: 30000}}
Session ID: 867eca21-bdc8-4401-ab74-bc9c1c7a102c]]>
            </message>
            <full-stacktrace>
              <![CDATA[org.openqa.selenium.WebDriverException: [Exception... "The URI scheme corresponds to an unknown protocol handler"  nsresult: "0x804b0012 (NS_ERROR_UNKNOWN_PROTOCOL)"  location: "JS frame :: chrome://marionette/content/listener.js :: get/< :: line 1045"  data: no]
Build info: version: '3.12.0', revision: '7c6e0b3', time: '2018-05-08T14:04:26.12Z'
System info: host: 'DEMUCVAZ30', ip: '10.120.5.22', os.name: 'Windows Server 2012 R2', os.arch: 'amd64', os.version: '6.3', java.version: '1.8.0'
Driver info: org.openqa.selenium.firefox.FirefoxDriver
Capabilities {acceptInsecureCerts: true, browserName: firefox, browserVersion: 62.0, javascriptEnabled: true, moz:accessibilityChecks: false, moz:headless: false, moz:processID: 600, moz:profile: C:\Users\rftuser\AppData\Lo..., moz:useNonSpecCompliantPointerOrigin: false, moz:webdriverClick: true, pageLoadStrategy: normal, platform: XP, platformName: XP, platformVersion: 6.3, rotatable: false, timeouts: {implicit: 0, pageLoad: 300000, script: 30000}}
Session ID: 867eca21-bdc8-4401-ab74-bc9c1c7a102c
	at sun.reflect.NativeConstructorAccessorImpl.newInstance0(Native Method)
	at sun.reflect.NativeConstructorAccessorImpl.newInstance(NativeConstructorAccessorImpl.java:88)
	at sun.reflect.DelegatingConstructorAccessorImpl.newInstance(DelegatingConstructorAccessorImpl.java:57)
	at java.lang.reflect.Constructor.newInstance(Constructor.java:437)
	at org.openqa.selenium.remote.http.W3CHttpResponseCodec.createException(W3CHttpResponseCodec.java:187)
	at org.openqa.selenium.remote.http.W3CHttpResponseCodec.decode(W3CHttpResponseCodec.java:122)
	at org.openqa.selenium.remote.http.W3CHttpResponseCodec.decode(W3CHttpResponseCodec.java:49)
	at org.openqa.selenium.remote.HttpCommandExecutor.execute(HttpCommandExecutor.java:158)
	at org.openqa.selenium.remote.service.DriverCommandExecutor.execute(DriverCommandExecutor.java:83)
	at org.openqa.selenium.remote.RemoteWebDriver.execute(RemoteWebDriver.java:543)
	at org.openqa.selenium.remote.RemoteWebDriver.get(RemoteWebDriver.java:271)
	at DropboxTestCases.Logouttest.displayresult(Logouttest.java:67)
	at sun.reflect.NativeMethodAccessorImpl.invoke0(Native Method)
	at sun.reflect.NativeMethodAccessorImpl.invoke(NativeMethodAccessorImpl.java:95)
	at sun.reflect.DelegatingMethodAccessorImpl.invoke(DelegatingMethodAccessorImpl.java:55)
	at java.lang.reflect.Method.invoke(Method.java:508)
	at org.testng.internal.MethodInvocationHelper.invokeMethod(MethodInvocationHelper.java:86)
	at org.testng.internal.Invoker.invokeConfigurationMethod(Invoker.java:514)
	at org.testng.internal.Invoker.invokeConfigurations(Invoker.java:215)
	at org.testng.internal.Invoker.invokeConfigurations(Invoker.java:142)
	at org.testng.SuiteRunner.privateRun(SuiteRunner.java:336)
	at org.testng.SuiteRunner.run(SuiteRunner.java:268)
	at org.testng.SuiteRunnerWorker.runSuite(SuiteRunnerWorker.java:52)
	at org.testng.SuiteRunnerWorker.run(SuiteRunnerWorker.java:86)
	at org.testng.TestNG.runSuitesSequentially(TestNG.java:1244)
	at org.testng.TestNG.runSuitesLocally(TestNG.java:1169)
	at org.testng.TestNG.run(TestNG.java:1064)
	at org.testng.remote.AbstractRemoteTestNG.run(AbstractRemoteTestNG.java:114)
	at org.testng.remote.RemoteTestNG.initAndRun(RemoteTestNG.java:251)
	at org.testng.remote.RemoteTestNG.main(RemoteTestNG.java:77)
]]>
            </full-stacktrace>
          </exception> <!-- org.openqa.selenium.WebDriverException -->
          <reporter-output>
          </reporter-output>
        </test-method> <!-- displayresult -->
      </class> <!-- DropboxTestCases.Logouttest -->
      <class name="DropboxTestCases.Createfoldertest">
        <test-method status="PASS" signature="setup(java.lang.String)[pri:0, instance:DropboxTestCases.Createfoldertest@6ca8c03c]" name="setup" is-config="true" duration-ms="0" started-at="2018-09-11T13:14:47Z" finished-at="2018-09-11T13:14:47Z">
          <params>
            <param index="0">
              <value>
                <![CDATA[Dropboxfolder]]>
              </value>
            </param>
          </params>
          <reporter-output>
          </reporter-output>
        </test-method> <!-- setup -->
        <test-method status="PASS" signature="VerifyNewFolder()[pri:0, instance:DropboxTestCases.Createfoldertest@6ca8c03c]" name="VerifyNewFolder" duration-ms="5664" started-at="2018-09-11T13:14:47Z" finished-at="2018-09-11T13:14:53Z">
          <reporter-output>
          </reporter-output>
        </test-method> <!-- VerifyNewFolder -->
        <test-method status="PASS" signature="captureresult(org.testng.ITestResult)[pri:0, instance:DropboxTestCases.Createfoldertest@6ca8c03c]" name="captureresult" is-config="true" duration-ms="28" started-at="2018-09-11T13:14:53Z" finished-at="2018-09-11T13:14:53Z">
          <params>
            <param index="0">
              <value>
                <![CDATA[[TestResult name=VerifyNewFolder status=SUCCESS method=Createfoldertest.VerifyNewFolder()[pri:0, instance:DropboxTestCases.Createfoldertest@6ca8c03c] output={null}]]]>
              </value>
            </param>
          </params>
          <reporter-output>
          </reporter-output>
        </test-method> <!-- captureresult -->
      </class> <!-- DropboxTestCases.Createfoldertest -->
    </test> <!-- Dropbox test automation -->
  </suite> <!-- Suite -->
</testng-results>
